This is pdfTeX, Version 3.14159265-2.6-1.40.20 (TeX Live 2019) (preloaded format=pdflatex 2019.5.8)  3 DEC 2019 20:48
entering extended mode
 restricted \write18 enabled.
 file:line:error style messages enabled.
 %&-line parsing enabled.
**"/Users/zysophia/Desktop/News_Rank_Prediction/reports/final report/final_report.tex"
(/Users/zysophia/Desktop/News_Rank_Prediction/reports/final report/final_report.tex
LaTeX2e <2018-12-01>
(/usr/local/texlive/2019/texmf-dist/tex/latex/base/article.cls
Document Class: article 2018/09/03 v1.4i Standard LaTeX document class
(/usr/local/texlive/2019/texmf-dist/tex/latex/base/size10.clo
File: size10.clo 2018/09/03 v1.4i Standard LaTeX file (size option)
)
\c@part=\count80
\c@section=\count81
\c@subsection=\count82
\c@subsubsection=\count83
\c@paragraph=\count84
\c@subparagraph=\count85
\c@figure=\count86
\c@table=\count87
\abovecaptionskip=\skip41
\belowcaptionskip=\skip42
\bibindent=\dimen102
) (/usr/local/texlive/2019/texmf-dist/tex/latex/base/inputenc.sty
Package: inputenc 2018/08/11 v1.3c Input encoding file
\inpenc@prehook=\toks14
\inpenc@posthook=\toks15
) (/usr/local/texlive/2019/texmf-dist/tex/latex/float/float.sty
Package: float 2001/11/08 v1.3d Float enhancements (AL)
\c@float@type=\count88
\float@exts=\toks16
\float@box=\box27
\@float@everytoks=\toks17
\@floatcapt=\box28
) (/usr/local/texlive/2019/texmf-dist/tex/latex/url/url.sty
\Urlmuskip=\muskip10
Package: url 2013/09/16  ver 3.4  Verb mode for urls, etc.
) (/usr/local/texlive/2019/texmf-dist/tex/latex/geometry/geometry.sty
Package: geometry 2018/04/16 v5.8 Page Geometry
 (/usr/local/texlive/2019/texmf-dist/tex/latex/graphics/keyval.sty
Package: keyval 2014/10/28 v1.15 key=value parser (DPC)
\KV@toks@=\toks18
) (/usr/local/texlive/2019/texmf-dist/tex/generic/oberdiek/ifpdf.sty
Package: ifpdf 2018/09/07 v3.3 Provides the ifpdf switch
) (/usr/local/texlive/2019/texmf-dist/tex/generic/oberdiek/ifvtex.sty
Package: ifvtex 2016/05/16 v1.6 Detect VTeX and its facilities (HO)
Package ifvtex Info: VTeX not detected.
) (/usr/local/texlive/2019/texmf-dist/tex/generic/ifxetex/ifxetex.sty
Package: ifxetex 2010/09/12 v0.6 Provides ifxetex conditional
)
\Gm@cnth=\count89
\Gm@cntv=\count90
\c@Gm@tempcnt=\count91
\Gm@bindingoffset=\dimen103
\Gm@wd@mp=\dimen104
\Gm@odd@mp=\dimen105
\Gm@even@mp=\dimen106
\Gm@layoutwidth=\dimen107
\Gm@layoutheight=\dimen108
\Gm@layouthoffset=\dimen109
\Gm@layoutvoffset=\dimen110
\Gm@dimlist=\toks19
) (/usr/local/texlive/2019/texmf-dist/tex/latex/subfigure/subfigure.sty
Package: subfigure 2002/03/15 v2.1.5 subfigure package
\subfigtopskip=\skip43
\subfigcapskip=\skip44
\subfigcaptopadj=\dimen111
\subfigbottomskip=\skip45
\subfigcapmargin=\dimen112
\subfiglabelskip=\skip46
\c@subfigure=\count92
\c@lofdepth=\count93
\c@subtable=\count94
\c@lotdepth=\count95

****************************************
* Local config file subfigure.cfg used *
****************************************
(/usr/local/texlive/2019/texmf-dist/tex/latex/subfigure/subfigure.cfg)
\subfig@top=\skip47
\subfig@bottom=\skip48
) (/usr/local/texlive/2019/texmf-dist/tex/latex/subfloat/subfloat.sty
Package: subfloat 2003/08/21 version 2.14
 Package `subfloat', Version 2.14 of 2003/08/21.

Package subfloat Warning: Numbers of floats not counted:
(subfloat)                If you use one of the counters subfloatfiguremax or
(subfloat)                subfloattablemax you will get strange error messages
(subfloat)                containing \c@subfloatfiguremax or
(subfloat)                \c@subfloattablemax:
(subfloat)                Please switch on countmax or remove the code using
(subfloat)                the counter then..

) (/usr/local/texlive/2019/texmf-dist/tex/latex/natbib/natbib.sty
Package: natbib 2010/09/13 8.31b (PWD, AO)
\bibhang=\skip49
\bibsep=\skip50
LaTeX Info: Redefining \cite on input line 694.
\c@NAT@ctr=\count96
) (/usr/local/texlive/2019/texmf-dist/tex/latex/graphics/graphicx.sty
Package: graphicx 2017/06/01 v1.1a Enhanced LaTeX Graphics (DPC,SPQR)
 (/usr/local/texlive/2019/texmf-dist/tex/latex/graphics/graphics.sty
Package: graphics 2017/06/25 v1.2c Standard LaTeX Graphics (DPC,SPQR)
 (/usr/local/texlive/2019/texmf-dist/tex/latex/graphics/trig.sty
Package: trig 2016/01/03 v1.10 sin cos tan (DPC)
) (/usr/local/texlive/2019/texmf-dist/tex/latex/graphics-cfg/graphics.cfg
File: graphics.cfg 2016/06/04 v1.11 sample graphics configuration
)
Package graphics Info: Driver file: pdftex.def on input line 99.
 (/usr/local/texlive/2019/texmf-dist/tex/latex/graphics-def/pdftex.def
File: pdftex.def 2018/01/08 v1.0l Graphics/color driver for pdftex
))
\Gin@req@height=\dimen113
\Gin@req@width=\dimen114
) (/usr/local/texlive/2019/texmf-dist/tex/latex/tools/indentfirst.sty
Package: indentfirst 1995/11/23 v1.03 Indent first paragraph (DPC)
) (/Users/zysophia/Desktop/News_Rank_Prediction/reports/final report/final_report.aux

Package natbib Warning: Citation `ref5' multiply defined.

)
\openout1 = `final_report.aux'.

LaTeX Font Info:    Checking defaults for OML/cmm/m/it on input line 30.
LaTeX Font Info:    ... okay on input line 30.
LaTeX Font Info:    Checking defaults for T1/cmr/m/n on input line 30.
LaTeX Font Info:    ... okay on input line 30.
LaTeX Font Info:    Checking defaults for OT1/cmr/m/n on input line 30.
LaTeX Font Info:    ... okay on input line 30.
LaTeX Font Info:    Checking defaults for OMS/cmsy/m/n on input line 30.
LaTeX Font Info:    ... okay on input line 30.
LaTeX Font Info:    Checking defaults for OMX/cmex/m/n on input line 30.
LaTeX Font Info:    ... okay on input line 30.
LaTeX Font Info:    Checking defaults for U/cmr/m/n on input line 30.
LaTeX Font Info:    ... okay on input line 30.

*geometry* driver: auto-detecting
*geometry* detected driver: pdftex
*geometry* verbose mode - [ preamble ] result:
* driver: pdftex
* paper: a4paper
* layout: <same size as paper>
* layoutoffset:(h,v)=(0.0pt,0.0pt)
* modes: 
* h-part:(L,W,R)=(89.62709pt, 418.25368pt, 89.6271pt)
* v-part:(T,H,B)=(101.40665pt, 591.5302pt, 152.11pt)
* \paperwidth=597.50787pt
* \paperheight=845.04684pt
* \textwidth=418.25368pt
* \textheight=591.5302pt
* \oddsidemargin=17.3571pt
* \evensidemargin=17.3571pt
* \topmargin=-7.86334pt
* \headheight=12.0pt
* \headsep=25.0pt
* \topskip=10.0pt
* \footskip=30.0pt
* \marginparwidth=65.0pt
* \marginparsep=11.0pt
* \columnsep=10.0pt
* \skip\footins=9.0pt plus 4.0pt minus 2.0pt
* \hoffset=0.0pt
* \voffset=0.0pt
* \mag=1000
* \@twocolumnfalse
* \@twosidefalse
* \@mparswitchfalse
* \@reversemarginfalse
* (1in=72.27pt=25.4mm, 1cm=28.453pt)

(/usr/local/texlive/2019/texmf-dist/tex/context/base/mkii/supp-pdf.mkii
[Loading MPS to PDF converter (version 2006.09.02).]
\scratchcounter=\count97
\scratchdimen=\dimen115
\scratchbox=\box29
\nofMPsegments=\count98
\nofMParguments=\count99
\everyMPshowfont=\toks20
\MPscratchCnt=\count100
\MPscratchDim=\dimen116
\MPnumerator=\count101
\makeMPintoPDFobject=\count102
\everyMPtoPDFconversion=\toks21
) (/usr/local/texlive/2019/texmf-dist/tex/latex/oberdiek/epstopdf-base.sty
Package: epstopdf-base 2016/05/15 v2.6 Base part for package epstopdf
 (/usr/local/texlive/2019/texmf-dist/tex/generic/oberdiek/infwarerr.sty
Package: infwarerr 2016/05/16 v1.4 Providing info/warning/error messages (HO)
) (/usr/local/texlive/2019/texmf-dist/tex/latex/oberdiek/grfext.sty
Package: grfext 2016/05/16 v1.2 Manage graphics extensions (HO)
 (/usr/local/texlive/2019/texmf-dist/tex/generic/oberdiek/kvdefinekeys.sty
Package: kvdefinekeys 2016/05/16 v1.4 Define keys (HO)
 (/usr/local/texlive/2019/texmf-dist/tex/generic/oberdiek/ltxcmds.sty
Package: ltxcmds 2016/05/16 v1.23 LaTeX kernel commands for general use (HO)
))) (/usr/local/texlive/2019/texmf-dist/tex/latex/oberdiek/kvoptions.sty
Package: kvoptions 2016/05/16 v3.12 Key value format for package options (HO)
 (/usr/local/texlive/2019/texmf-dist/tex/generic/oberdiek/kvsetkeys.sty
Package: kvsetkeys 2016/05/16 v1.17 Key value parser (HO)
 (/usr/local/texlive/2019/texmf-dist/tex/generic/oberdiek/etexcmds.sty
Package: etexcmds 2016/05/16 v1.6 Avoid name clashes with e-TeX commands (HO)
 (/usr/local/texlive/2019/texmf-dist/tex/generic/oberdiek/ifluatex.sty
Package: ifluatex 2016/05/16 v1.4 Provides the ifluatex switch (HO)
Package ifluatex Info: LuaTeX not detected.
)))) (/usr/local/texlive/2019/texmf-dist/tex/generic/oberdiek/pdftexcmds.sty
Package: pdftexcmds 2018/09/10 v0.29 Utility functions of pdfTeX for LuaTeX (HO)
Package pdftexcmds Info: LuaTeX not detected.
Package pdftexcmds Info: \pdf@primitive is available.
Package pdftexcmds Info: \pdf@ifprimitive is available.
Package pdftexcmds Info: \pdfdraftmode found.
)
Package epstopdf-base Info: Redefining graphics rule for `.eps' on input line 438.
Package grfext Info: Graphics extension search list:
(grfext)             [.pdf,.png,.jpg,.mps,.jpeg,.jbig2,.jb2,.PDF,.PNG,.JPG,.JPEG,.JBIG2,.JB2,.eps]
(grfext)             \AppendGraphicsExtensions on input line 456.
 (/usr/local/texlive/2019/texmf-dist/tex/latex/latexconfig/epstopdf-sys.cfg
File: epstopdf-sys.cfg 2010/07/13 v1.3 Configuration of (r)epstopdf for TeX Live
))
LaTeX Font Info:    External font `cmex10' loaded for size
(Font)              <12> on input line 32.
LaTeX Font Info:    External font `cmex10' loaded for size
(Font)              <8> on input line 32.
LaTeX Font Info:    External font `cmex10' loaded for size
(Font)              <6> on input line 32.
LaTeX Font Info:    External font `cmex10' loaded for size
(Font)              <7> on input line 44.
LaTeX Font Info:    External font `cmex10' loaded for size
(Font)              <5> on input line 44.
LaTeX Font Info:    Try loading font information for OMS+cmr on input line 49.
 (/usr/local/texlive/2019/texmf-dist/tex/latex/base/omscmr.fd
File: omscmr.fd 2014/09/29 v2.5h Standard LaTeX font definitions
)
LaTeX Font Info:    Font shape `OMS/cmr/m/n' in size <10> not available
(Font)              Font shape `OMS/cmsy/m/n' tried instead on input line 49.
<../../figures/"nf_sheet".png, id=1, 806.01125pt x 259.97125pt>
File: ../../figures/"nf_sheet".png Graphic file (type png)
<use ../../figures/"nf_sheet".png>
Package pdftex.def Info: ../../figures/"nf_sheet".png  used on input line 53.
(pdftex.def)             Requested size: 362.7017pt x 116.98598pt.
 [1

{/usr/local/texlive/2019/texmf-var/fonts/map/pdftex/updmap/pdftex.map}]
<../../figures/"ts_sheet".png, id=16, 795.97375pt x 131.49126pt>
File: ../../figures/"ts_sheet".png Graphic file (type png)
<use ../../figures/"ts_sheet".png>
Package pdftex.def Info: ../../figures/"ts_sheet".png  used on input line 63.
(pdftex.def)             Requested size: 358.18488pt x 59.1705pt.
 [2 <../../figures/nf_sheet.png> <../../figures/ts_sheet.png>]
<../../figures/"count of news by publish time".png, id=22, 1606.0pt x 669.50125pt>
File: ../../figures/"count of news by publish time".png Graphic file (type png)
<use ../../figures/"count of news by publish time".png>
Package pdftex.def Info: ../../figures/"count of news by publish time".png  used on input line 80.
(pdftex.def)             Requested size: 273.01639pt x 113.8137pt.
<../../figures/"count of news with popularity larger than 100 by publish time".png, id=23, 1606.0pt x 669.50125pt>
File: ../../figures/"count of news with popularity larger than 100 by publish time".png Graphic file (type png)
<use ../../figures/"count of news with popularity larger than 100 by publish time".png>
Package pdftex.def Info: ../../figures/"count of news with popularity larger than 100 by publish time".png  used on input line 88.
(pdftex.def)             Requested size: 273.01639pt x 113.8137pt.
<../../figures/"box plot for popularity of hot news".png, id=24, 433.62pt x 289.08pt>
File: ../../figures/"box plot for popularity of hot news".png Graphic file (type png)
<use ../../figures/"box plot for popularity of hot news".png>
Package pdftex.def Info: ../../figures/"box plot for popularity of hot news".png  used on input line 96.
(pdftex.def)             Requested size: 216.80946pt x 144.53964pt.
 [3 <../../figures/count of news by publish time.png> <../../figures/count of news with popularity larger than 100 by publish time.png>]
<../../figures/"violin plot of popularity rate".png, id=28, 433.62pt x 289.08pt>
File: ../../figures/"violin plot of popularity rate".png Graphic file (type png)
<use ../../figures/"violin plot of popularity rate".png>
Package pdftex.def Info: ../../figures/"violin plot of popularity rate".png  used on input line 107.
(pdftex.def)             Requested size: 195.1272pt x 130.0848pt.
<../../figures/"Facebook_Economy violin plot of popularity ".png, id=29, 513.92pt x 342.27875pt>
File: ../../figures/"Facebook_Economy violin plot of popularity ".png Graphic file (type png)
<use ../../figures/"Facebook_Economy violin plot of popularity ".png>
Package pdftex.def Info: ../../figures/"Facebook_Economy violin plot of popularity ".png  used on input line 115.
(pdftex.def)             Requested size: 188.21288pt x 125.35112pt.
<../../figures/"Facebook_Obama violin plot of popularity rate".png, id=30, 433.62pt x 289.08pt>
File: ../../figures/"Facebook_Obama violin plot of popularity rate".png Graphic file (type png)
<use ../../figures/"Facebook_Obama violin plot of popularity rate".png>
Package pdftex.def Info: ../../figures/"Facebook_Obama violin plot of popularity rate".png  used on input line 116.
(pdftex.def)             Requested size: 188.21288pt x 125.4753pt.
<../../figures/"Facebook_Microsoft violin plot of popularity ".png, id=31, 513.92pt x 342.27875pt>
File: ../../figures/"Facebook_Microsoft violin plot of popularity ".png Graphic file (type png)
<use ../../figures/"Facebook_Microsoft violin plot of popularity ".png>
Package pdftex.def Info: ../../figures/"Facebook_Microsoft violin plot of popularity ".png  used on input line 117.
(pdftex.def)             Requested size: 188.21288pt x 125.35112pt.
<../../figures/"Facebook_Palestine violin plot of popularity ".png, id=32, 513.92pt x 342.27875pt>
File: ../../figures/"Facebook_Palestine violin plot of popularity ".png Graphic file (type png)
<use ../../figures/"Facebook_Palestine violin plot of popularity ".png>
Package pdftex.def Info: ../../figures/"Facebook_Palestine violin plot of popularity ".png  used on input line 118.
(pdftex.def)             Requested size: 188.21288pt x 125.35112pt.
 [4 <../../figures/box plot for popularity of hot news.png> <../../figures/violin plot of popularity rate.png>]
<../../figures/"popu distrib 20m".png, id=38, 513.92pt x 342.27875pt>
File: ../../figures/"popu distrib 20m".png Graphic file (type png)
<use ../../figures/"popu distrib 20m".png>
Package pdftex.def Info: ../../figures/"popu distrib 20m".png  used on input line 129.
(pdftex.def)             Requested size: 231.26186pt x 154.024pt.
 [5 <../../figures/Facebook_Economy violin plot of popularity .png> <../../figures/Facebook_Obama violin plot of popularity rate.png> <../../figures/Facebook_Microsoft violin plot of popularity .png> <../../figures/Facebook_Palestine violin plot of popularity .png>]
<../../figures/"Popularity distrib 1h".png, id=44, 433.62pt x 289.08pt>
File: ../../figures/"Popularity distrib 1h".png Graphic file (type png)
<use ../../figures/"Popularity distrib 1h".png>
Package pdftex.def Info: ../../figures/"Popularity distrib 1h".png  used on input line 137.
(pdftex.def)             Requested size: 216.80946pt x 144.53964pt.
 [6 <../../figures/popu distrib 20m.png> <../../figures/Popularity distrib 1h.png>] [7] [8]
<../../figures/"rforest_param".png, id=56, 851.18pt x 205.76875pt>
File: ../../figures/"rforest_param".png Graphic file (type png)
<use ../../figures/"rforest_param".png>
Package pdftex.def Info: ../../figures/"rforest_param".png  used on input line 225.
(pdftex.def)             Requested size: 340.46596pt x 82.30603pt.
<../../figures/"rf_rs_unc".png, id=57, 394.47375pt x 88.33pt>
File: ../../figures/"rf_rs_unc".png Graphic file (type png)
<use ../../figures/"rf_rs_unc".png>
Package pdftex.def Info: ../../figures/"rf_rs_unc".png  used on input line 236.
(pdftex.def)             Requested size: 197.23639pt x 44.16489pt.
<../../figures/"rf_perm_imp".png, id=58, 574.145pt x 350.30875pt>
File: ../../figures/"rf_perm_imp".png Graphic file (type png)
<use ../../figures/"rf_perm_imp".png>
Package pdftex.def Info: ../../figures/"rf_perm_imp".png  used on input line 243.
(pdftex.def)             Requested size: 287.0718pt x 175.15395pt.
 [9 <../../figures/rforest_param.png> <../../figures/rf_rs_unc.png>]
<../../figures/"gbr_param".png, id=64, 842.14626pt x 207.77625pt>
File: ../../figures/"gbr_param".png Graphic file (type png)
<use ../../figures/"gbr_param".png>
Package pdftex.def Info: ../../figures/"gbr_param".png  used on input line 258.
(pdftex.def)             Requested size: 336.85254pt x 83.10901pt.
<../../figures/"gbr_rs_unc".png, id=65, 396.48125pt x 89.33376pt>
File: ../../figures/"gbr_rs_unc".png Graphic file (type png)
<use ../../figures/"gbr_rs_unc".png>
Package pdftex.def Info: ../../figures/"gbr_rs_unc".png  used on input line 270.
(pdftex.def)             Requested size: 198.24013pt x 44.66676pt.
 [10 <../../figures/rf_perm_imp.png> <../../figures/gbr_param.png>]
<../../figures/"gbr_perm_imp".png, id=71, 577.15625pt x 349.305pt>
File: ../../figures/"gbr_perm_imp".png Graphic file (type png)
<use ../../figures/"gbr_perm_imp".png>
Package pdftex.def Info: ../../figures/"gbr_perm_imp".png  used on input line 277.
(pdftex.def)             Requested size: 288.57741pt x 174.65207pt.
<../../figures/"svr_param".png, id=72, 777.90625pt x 207.77625pt>
File: ../../figures/"svr_param".png Graphic file (type png)
<use ../../figures/"svr_param".png>
Package pdftex.def Info: ../../figures/"svr_param".png  used on input line 292.
(pdftex.def)             Requested size: 311.15698pt x 83.10901pt.
 [11 <../../figures/gbr_rs_unc.png> <../../figures/gbr_perm_imp.png> <../../figures/svr_param.png>]
<../../figures/"svr_perm_imp".png, id=79, 579.16376pt x 350.30875pt>
File: ../../figures/"svr_perm_imp".png Graphic file (type png)
<use ../../figures/"svr_perm_imp".png>
Package pdftex.def Info: ../../figures/"svr_perm_imp".png  used on input line 301.
(pdftex.def)             Requested size: 289.58116pt x 175.15395pt.
 [12 <../../figures/svr_perm_imp.png>]

Package natbib Warning: There were multiply defined citations.

[13] (/Users/zysophia/Desktop/News_Rank_Prediction/reports/final report/final_report.aux

Package natbib Warning: Citation(s) may have changed.
(natbib)                Rerun to get citations correct.

) ) 
Here is how much of TeX's memory you used:
 2759 strings out of 492616
 42941 string characters out of 6129482
 111749 words of memory out of 5000000
 6620 multiletter control sequences out of 15000+600000
 8746 words of font info for 32 fonts, out of 8000000 for 9000
 1141 hyphenation exceptions out of 8191
 41i,7n,27p,587b,451s stack positions out of 5000i,500n,10000p,200000b,80000s
</usr/local/texlive/2019/texmf-dist/fonts/type1/public/amsfonts/cm/cmbx10.pfb></usr/local/texlive/2019/texmf-dist/fonts/type1/public/amsfonts/cm/cmbx12.pfb></usr/local/texlive/2019/texmf-dist/fonts/type1/public/amsfonts/cm/cmitt10.pfb></usr/local/texlive/2019/texmf-dist/fonts/type1/public/amsfonts/cm/cmr10.pfb></usr/local/texlive/2019/texmf-dist/fonts/type1/public/amsfonts/cm/cmr12.pfb></usr/local/texlive/2019/texmf-dist/fonts/type1/public/amsfonts/cm/cmr17.pfb></usr/local/texlive/2019/texmf-dist/fonts/type1/public/amsfonts/cm/cmr8.pfb></usr/local/texlive/2019/texmf-dist/fonts/type1/public/amsfonts/cm/cmsy10.pfb></usr/local/texlive/2019/texmf-dist/fonts/type1/public/amsfonts/cm/cmti10.pfb></usr/local/texlive/2019/texmf-dist/fonts/type1/public/amsfonts/cm/cmtt10.pfb></usr/local/texlive/2019/texmf-dist/fonts/type1/public/amsfonts/cm/cmtt12.pfb>
Output written on "/Users/zysophia/Desktop/News_Rank_Prediction/reports/final report/final_report.pdf" (13 pages, 1499313 bytes).
PDF statistics:
 126 PDF objects out of 1000 (max. 8388607)
 65 compressed objects within 1 object stream
 0 named destinations out of 1000 (max. 500000)
 101 words of extra memory for PDF output out of 10000 (max. 10000000)

